com/telelogic/microwave/evClose.java
com/telelogic/microwave/Cleaner.java
com/telelogic/microwave/evElectricity.java
com/telelogic/microwave/Teacher.java
MainEXE.java
com/telelogic/microwave/evKeyPress.java
com/telelogic/microwave/Student.java
com/telelogic/microwave/eventmessage_0.java
com/telelogic/microwave/MicrowaveBuilder.java
com/telelogic/microwave/evStartNormal.java
com/telelogic/microwave/SchoolGuest.java
com/telelogic/microwave/evStartGrill.java
com/telelogic/microwave/evStartUnfrozing.java
com/telelogic/microwave/evStartWashing.java
com/telelogic/microwave/ServicePerson.java
com/telelogic/microwave/KeyReader.java
com/telelogic/microwave/Display.java
com/telelogic/microwave/evOpen.java
com/telelogic/microwave/evNoElectricity.java
com/telelogic/microwave/Microwave.java
com/telelogic/microwave/microwave_pkgClass.java
